<?xml version="1.0" encoding="utf-8" standalone="no"?>
<test-run id="2" testcasecount="3" result="Passed" total="3" passed="3" failed="0" inconclusive="0" skipped="0" asserts="18" engine-version="3.0.5813.39036" clr-version="4.0.30319.42000" start-time="2016-02-20 17:21:14Z" end-time="2016-02-20 17:21:16Z" duration="1.421932">
  <command-line><![CDATA[.\packages\NUnit.Console.3.0.1\tools\nunit3-console.exe  .\SRPTests\bin\x86\Debug\SRPTests.dll]]></command-line>
  <test-suite type="Assembly" id="0-1005" name="SRPTests.dll" fullname="C:\GitHub\ShaderUnit\SRPTests\bin\x86\Debug\SRPTests.dll" runstate="Runnable" testcasecount="3" result="Passed" start-time="2016-02-20 17:21:14Z" end-time="2016-02-20 17:21:16Z" duration="1.380833" total="3" passed="3" failed="0" inconclusive="0" skipped="0" asserts="18">
    <environment framework-version="3.0.5813.39031" clr-version="4.0.30319.42000" os-version="Microsoft Windows NT 10.0.10565.0" platform="Win32NT" cwd="C:\GitHub\ShaderUnit" machine-name="KIWI" user="Simon" user-domain="KIWI" culture="en-GB" uiculture="en-GB" os-architecture="x86" />
    <settings>
      <setting name="WorkDirectory" value="C:\GitHub\ShaderUnit" />
      <setting name="NumberOfTestWorkers" value="8" />
    </settings>
    <properties>
      <property name="_PID" value="18616" />
      <property name="_APPDOMAIN" value="test-domain-" />
    </properties>
    <output><![CDATA[Result images written to C:\Users\Simon\AppData\Local\Temp\ShaderUnitOutput
]]></output>
    <test-suite type="TestSuite" id="0-1006" name="SRPTests" fullname="SRPTests" runstate="Runnable" testcasecount="3" result="Passed" start-time="2016-02-20 17:21:14Z" end-time="2016-02-20 17:21:16Z" duration="1.372316" total="3" passed="3" failed="0" inconclusive="0" skipped="0" asserts="18">
      <test-suite type="TestSuite" id="0-1007" name="ShaderTests" fullname="SRPTests.ShaderTests" runstate="Runnable" testcasecount="3" result="Passed" start-time="2016-02-20 17:21:14Z" end-time="2016-02-20 17:21:16Z" duration="1.372193" total="3" passed="3" failed="0" inconclusive="0" skipped="0" asserts="18">
        <test-suite type="TestFixture" id="0-1000" name="MyPixelShaderTest" fullname="SRPTests.ShaderTests.MyPixelShaderTest" classname="SRPTests.ShaderTests.MyPixelShaderTest" runstate="Runnable" testcasecount="3" result="Passed" start-time="2016-02-20 17:21:14Z" end-time="2016-02-20 17:21:16Z" duration="1.371148" total="3" passed="3" failed="0" inconclusive="0" skipped="0" asserts="18">
          <test-suite type="ParameterizedMethod" id="0-1004" name="MyParameterisedTest" fullname="SRPTests.ShaderTests.MyPixelShaderTest.MyParameterisedTest" runstate="Runnable" testcasecount="2" result="Passed" start-time="2016-02-20 17:21:14Z" end-time="2016-02-20 17:21:16Z" duration="1.282389" total="2" passed="2" failed="0" inconclusive="0" skipped="0" asserts="12">
            <test-case id="0-1002" name="MyParameterisedTest(0.0f,1.0f,0.0f,1.0f)" fullname="SRPTests.ShaderTests.MyPixelShaderTest.MyParameterisedTest(0.0f,1.0f,0.0f,1.0f)" methodname="MyParameterisedTest" classname="SRPTests.ShaderTests.MyPixelShaderTest" runstate="Runnable" seed="202129304" result="Passed" start-time="2016-02-20 17:21:14Z" end-time="2016-02-20 17:21:16Z" duration="1.214580" asserts="6">
              <output><![CDATA[RenderTestHarness: Using device 'Microsoft Basic Render Driver'
]]></output>
            </test-case>
            <test-case id="0-1003" name="MyParameterisedTest(0.0f,0.0f,1.0f,1.0f)" fullname="SRPTests.ShaderTests.MyPixelShaderTest.MyParameterisedTest(0.0f,0.0f,1.0f,1.0f)" methodname="MyParameterisedTest" classname="SRPTests.ShaderTests.MyPixelShaderTest" runstate="Runnable" seed="1801850340" result="Passed" start-time="2016-02-20 17:21:16Z" end-time="2016-02-20 17:21:16Z" duration="0.064223" asserts="6" />
          </test-suite>
          <test-case id="0-1001" name="MyTest" fullname="SRPTests.ShaderTests.MyPixelShaderTest.MyTest" methodname="MyTest" classname="SRPTests.ShaderTests.MyPixelShaderTest" runstate="Runnable" seed="2031539648" result="Passed" start-time="2016-02-20 17:21:16Z" end-time="2016-02-20 17:21:16Z" duration="0.084973" asserts="6" />
        </test-suite>
      </test-suite>
    </test-suite>
  </test-suite>
</test-run>